{"level":"INFO","time":"2025-06-26 14:17:03","caller":"global/log.go:191","msg":"日志系统初始化完成"}
{"level":"INFO","time":"2025-06-26 14:17:03","caller":"global/config.go:376","msg":"开始验证配置"}
{"level":"INFO","time":"2025-06-26 14:17:03","caller":"global/config.go:392","msg":"配置验证完成"}
{"level":"INFO","time":"2025-06-26 14:17:03","caller":"core/run.go:59","msg":"启动直接运行模式"}
{"level":"INFO","time":"2025-06-26 14:17:03","caller":"core/run.go:80","msg":"开始初始化企业级定时任务系统"}
{"level":"INFO","time":"2025-06-26 14:17:03","caller":"global/db.go:51","msg":"开始初始化数据库连接"}
{"level":"INFO","time":"2025-06-26 14:17:03","caller":"global/db.go:59","msg":"数据库类型","type":"sqlite"}
{"level":"INFO","time":"2025-06-26 14:17:03","caller":"global/db.go:194","msg":"开始初始化SQLite数据库","path":"data/xiaohu_jobs.db"}
{"level":"INFO","time":"2025-06-26 14:17:03","caller":"global/db.go:202","msg":"创建数据库目录","dir":"data"}
{"level":"INFO","time":"2025-06-26 14:17:03","caller":"global/db.go:228","msg":"已创建空的SQLite数据库文件","path":"data/xiaohu_jobs.db"}
{"level":"INFO","time":"2025-06-26 14:17:03","caller":"global/db.go:242","msg":"正在连接SQLite数据库","path":"data/xiaohu_jobs.db"}
{"level":"INFO","time":"2025-06-26 14:17:03","caller":"global/db.go:269","msg":"获取数据库实例"}
{"level":"INFO","time":"2025-06-26 14:17:03","caller":"global/db.go:285","msg":"配置连接池","max_open_conns":1,"max_idle_conns":1}
{"level":"INFO","time":"2025-06-26 14:17:03","caller":"global/db.go:297","msg":"测试数据库连接"}
{"level":"INFO","time":"2025-06-26 14:17:03","caller":"global/db.go:314","msg":"数据库实例已设置"}
{"level":"INFO","time":"2025-06-26 14:17:03","caller":"global/db.go:320","msg":"SQLite数据库连接成功","path":"data/xiaohu_jobs.db"}
{"level":"INFO","time":"2025-06-26 14:17:03","caller":"global/db.go:346","msg":"开始自动迁移表结构"}
{"level":"INFO","time":"2025-06-26 14:17:03","caller":"global/db.go:368","msg":"数据库迁移完成"}
{"level":"INFO","time":"2025-06-26 14:17:03","caller":"global/db.go:378","msg":"开始初始化默认数据"}
{"level":"INFO","time":"2025-06-26 14:17:03","caller":"global/db.go:407","msg":"已创建默认管理员账户","username":"admin"}
{"level":"INFO","time":"2025-06-26 14:17:03","caller":"global/db.go:417","msg":"默认数据初始化完成"}
{"level":"INFO","time":"2025-06-26 14:17:03","caller":"global/db.go:104","msg":"数据库初始化完成"}
{"level":"WARN","time":"2025-06-26 14:17:03","caller":"core/run.go:110","msg":"企业级定时任务系统启动成功","port":"36363","os":"windows","pid":8556}
{"level":"INFO","time":"2025-06-26 14:17:03","caller":"core/run.go:114","msg":"准备启动HTTP服务器","port":"36363"}
{"level":"INFO","time":"2025-06-26 14:17:03","caller":"global/log.go:254","msg":"start"}
{"level":"INFO","time":"2025-06-26 14:17:08","caller":"core/run.go:70","msg":"收到停止信号，正在优雅关闭..."}
{"level":"WARN","time":"2025-06-26 14:17:08","caller":"core/run.go:126","msg":"正在优雅停止服务..."}
{"level":"INFO","time":"2025-06-26 14:17:08","caller":"core/run.go:119","msg":"HTTP服务器已正常退出"}
{"level":"INFO","time":"2025-06-26 14:17:08","caller":"global/log.go:254","msg":"stop"}
{"level":"INFO","time":"2025-06-26 14:17:08","caller":"global/db.go:335","msg":"数据库连接已关闭"}
{"level":"WARN","time":"2025-06-26 14:17:08","caller":"core/run.go:136","msg":"服务已优雅停止"}
{"level":"INFO","time":"2025-06-26 14:17:08","caller":"core/run.go:74","msg":"服务已优雅停止"}
